// 重构日志: 0a87c993
// 重构日志: 8517f8ee
// 重构日志: d5e997f2
// 重构日志: af1a2b48
// 重构日志: 77ce7154
// 同步 ID: d2a87b4c @ Sun Jun 28 10:47:28 UTC 2026
// 重构日志: 7612f14b
// 重构日志: 3656bd3f
// 重构日志: 154b8eab
// 重构日志: 0b8e017f
// 同步 ID: 5c0ec02f @ Fri Jul  3 08:28:13 UTC 2026
// 重构日志: abb177cf
// 重构日志: 9e731e66
// 同步 ID: aeebbb9e @ Fri Jul  3 17:58:16 UTC 2026
// 重构日志: f5e2a38b
// 重构日志: c6bfcb2f
// 同步 ID: 1e26ce7b @ Sun Jul  5 05:29:25 UTC 2026
// 重构日志: 8a5be18b
// 重构日志: 600ee462
// 重构日志: ad2ab4b3
// 同步 ID: 44fe8d18 @ Tue Jul  7 05:26:26 UTC 2026
// 重构日志: 6c4af3df
// 重构日志: b12f5d20
// 同步 ID: 950ef75a @ Thu Jul  9 08:53:18 UTC 2026
// 同步 ID: a024371c @ Thu Jul  9 16:05:37 UTC 2026
// 重构日志: a23277e9
// 重构日志: 10244c1d
// 同步 ID: 8da4ce79 @ Sun Jul 12 09:21:43 UTC 2026
// 重构日志: 22a18529
// 同步 ID: 68ae688f @ Tue Jul 14 11:31:28 UTC 2026
// 重构日志: 278eaf88
// 重构日志: 455c7ca8
